<?xml version="1.0" encoding="UTF-8"?>
<testsuite xmlns:xsi="http://www.w3.org/2001/XMLSchema-instance" xsi:noNamespaceSchemaLocation="https://maven.apache.org/surefire/maven-surefire-plugin/xsd/surefire-test-report-3.0.xsd" version="3.0" name="com.cucumberOptions.TestRunner" time="26.212" tests="10" errors="0" skipped="0" failures="0">
  <properties>
[...]
</properties>
  <testcase name="Access WebdriverManager" classname="Dashboard login" time="1.582"/>
  <testcase name="Launch chrome &quot;Live.url&quot; browser" classname="Dashboard login" time="4.336"/>
  <testcase name="Enter mobile number" classname="Dashboard login" time="0.352"/>
  <testcase name="click on continue button" classname="Dashboard login" time="1.684"/>
  <testcase name="confirm the mobile number" classname="Dashboard login" time="2.957"/>
  <testcase name="validate the user name" classname="Dashboard login" time="14.551"/>
  <testcase name="assert login" classname="Dashboard login" time="0.067"/>
  <testcase name="click on dashboard" classname="Dashboard login" time="0.079"/>
  <testcase name="display all dashboard names" classname="Dashboard login" time="0.163"/>
  <testcase name="Dashboard login" classname="Dashboard login" time="0.166"/>
</testsuite>